<?xml version="1.0" encoding="UTF-8"?>
<checkstyle version="8.19">
<file name="/Users/beidaortiz/Downloads/kogito-examples-stable 5/kogito-quarkus-examples/process-decisions-rest-quarkus/src/main/java/org/kie/kogito/traffic/TrafficViolationRestClient.java">
</file>
<file name="/Users/beidaortiz/Downloads/kogito-examples-stable 5/kogito-quarkus-examples/process-decisions-rest-quarkus/src/main/java/org/kie/kogito/traffic/TrafficViolationRestService.java">
</file>
<file name="/Users/beidaortiz/Downloads/kogito-examples-stable 5/kogito-quarkus-examples/process-decisions-rest-quarkus/src/main/java/org/kie/kogito/traffic/LicenseValidationService.java">
</file>
<file name="/Users/beidaortiz/Downloads/kogito-examples-stable 5/kogito-quarkus-examples/process-decisions-rest-quarkus/src/main/java/org/kie/kogito/traffic/Driver.java">
</file>
<file name="/Users/beidaortiz/Downloads/kogito-examples-stable 5/kogito-quarkus-examples/process-decisions-rest-quarkus/src/main/java/org/kie/kogito/traffic/Violation.java">
</file>
<file name="/Users/beidaortiz/Downloads/kogito-examples-stable 5/kogito-quarkus-examples/process-decisions-rest-quarkus/src/main/java/org/kie/kogito/traffic/LicenseValidationRestService.java">
</file>
<file name="/Users/beidaortiz/Downloads/kogito-examples-stable 5/kogito-quarkus-examples/process-decisions-rest-quarkus/src/main/java/org/kie/kogito/traffic/TrafficViolationResponse.java">
</file>
<file name="/Users/beidaortiz/Downloads/kogito-examples-stable 5/kogito-quarkus-examples/process-decisions-rest-quarkus/src/main/java/org/kie/kogito/traffic/DriverService.java">
</file>
<file name="/Users/beidaortiz/Downloads/kogito-examples-stable 5/kogito-quarkus-examples/process-decisions-rest-quarkus/src/main/java/org/kie/kogito/traffic/Fine.java">
</file>
<file name="/Users/beidaortiz/Downloads/kogito-examples-stable 5/kogito-quarkus-examples/process-decisions-rest-quarkus/src/main/java/org/kie/kogito/traffic/LicenseValidationRestClient.java">
</file>
<file name="/Users/beidaortiz/Downloads/kogito-examples-stable 5/kogito-quarkus-examples/process-decisions-rest-quarkus/src/test/java/org/kie/kogito/traffic/NativeTrafficProcessIT.java">
</file>
<file name="/Users/beidaortiz/Downloads/kogito-examples-stable 5/kogito-quarkus-examples/process-decisions-rest-quarkus/src/test/java/org/kie/kogito/traffic/TrafficProcessIT.java">
</file>
<file name="/Users/beidaortiz/Downloads/kogito-examples-stable 5/kogito-quarkus-examples/process-decisions-rest-quarkus/src/main/resources/application.properties">
</file>
</checkstyle>
